[ 2016-05-12T14:15:08+08:00 ] ::1 /jiefang/js/kandtabs/resultset_next.png
INFO: [ app_init ] --START--
INFO: Run Behavior\BuildLiteBehavior [ RunTime:0.000035s ]
INFO: [ app_init ] --END-- [ RunTime:0.001232s ]
ERR: 无法加载模块:Js

[ 2016-05-12T14:15:08+08:00 ] ::1 /jiefang/js/kandtabs/resultset_previous.png
INFO: [ app_init ] --START--
INFO: Run Behavior\BuildLiteBehavior [ RunTime:0.000036s ]
INFO: [ app_init ] --END-- [ RunTime:0.001267s ]
ERR: 无法加载模块:Js

[ 2016-05-12T14:15:08+08:00 ] ::1 /jiefang/js/kandtabs/01.png
INFO: [ app_init ] --START--
INFO: Run Behavior\BuildLiteBehavior [ RunTime:0.000021s ]
INFO: [ app_init ] --END-- [ RunTime:0.000820s ]
ERR: 无法加载模块:Js

[ 2016-05-12T14:15:17+08:00 ] ::1 /jiefang/images/menu_bg.jpg
INFO: [ app_init ] --START--
INFO: Run Behavior\BuildLiteBehavior [ RunTime:0.000037s ]
INFO: [ app_init ] --END-- [ RunTime:0.001390s ]
ERR: 无法加载模块:Images

[ 2016-05-12T15:22:35+08:00 ] ::1 /jiefang/js/kandtabs/resultset_previous.png
INFO: [ app_init ] --START--
INFO: Run Behavior\BuildLiteBehavior [ RunTime:0.000034s ]
INFO: [ app_init ] --END-- [ RunTime:0.001300s ]
ERR: 无法加载模块:Js

[ 2016-05-12T15:22:35+08:00 ] ::1 /jiefang/js/kandtabs/resultset_next.png
INFO: [ app_init ] --START--
INFO: Run Behavior\BuildLiteBehavior [ RunTime:0.000023s ]
INFO: [ app_init ] --END-- [ RunTime:0.000876s ]
ERR: 无法加载模块:Js

[ 2016-05-12T15:22:35+08:00 ] ::1 /jiefang/js/kandtabs/01.png
INFO: [ app_init ] --START--
INFO: Run Behavior\BuildLiteBehavior [ RunTime:0.000033s ]
INFO: [ app_init ] --END-- [ RunTime:0.001253s ]
ERR: 无法加载模块:Js

[ 2016-05-12T15:22:38+08:00 ] ::1 /jiefang/js/kandtabs/01.png
INFO: [ app_init ] --START--
INFO: Run Behavior\BuildLiteBehavior [ RunTime:0.000024s ]
INFO: [ app_init ] --END-- [ RunTime:0.000909s ]
ERR: 无法加载模块:Js

[ 2016-05-12T15:22:39+08:00 ] ::1 /jiefang/list.html?h:714
INFO: [ app_init ] --START--
INFO: Run Behavior\BuildLiteBehavior [ RunTime:0.000022s ]
INFO: [ app_init ] --END-- [ RunTime:0.000878s ]
ERR: 无法加载模块:List

[ 2016-05-12T15:22:39+08:00 ] ::1 /jiefang/js/kandtabs/01.png
INFO: [ app_init ] --START--
INFO: Run Behavior\BuildLiteBehavior [ RunTime:0.000025s ]
INFO: [ app_init ] --END-- [ RunTime:0.000957s ]
ERR: 无法加载模块:Js

[ 2016-05-12T15:23:52+08:00 ] ::1 /jiefang/js/kandtabs/resultset_previous.png
INFO: [ app_init ] --START--
INFO: Run Behavior\BuildLiteBehavior [ RunTime:0.000036s ]
INFO: [ app_init ] --END-- [ RunTime:0.001312s ]
ERR: 无法加载模块:Js

[ 2016-05-12T15:23:52+08:00 ] ::1 /jiefang/js/kandtabs/resultset_next.png
INFO: [ app_init ] --START--
INFO: Run Behavior\BuildLiteBehavior [ RunTime:0.000033s ]
INFO: [ app_init ] --END-- [ RunTime:0.001263s ]
ERR: 无法加载模块:Js

[ 2016-05-12T15:23:52+08:00 ] ::1 /jiefang/js/kandtabs/01.png
INFO: [ app_init ] --START--
INFO: Run Behavior\BuildLiteBehavior [ RunTime:0.000021s ]
INFO: [ app_init ] --END-- [ RunTime:0.000900s ]
ERR: 无法加载模块:Js

[ 2016-05-12T15:23:54+08:00 ] ::1 /jiefang/js/kandtabs/resultset_next.png
INFO: [ app_init ] --START--
INFO: Run Behavior\BuildLiteBehavior [ RunTime:0.000025s ]
INFO: [ app_init ] --END-- [ RunTime:0.000900s ]
ERR: 无法加载模块:Js

[ 2016-05-12T15:23:55+08:00 ] ::1 /jiefang/list.html?h:707.25
INFO: [ app_init ] --START--
INFO: Run Behavior\BuildLiteBehavior [ RunTime:0.000034s ]
INFO: [ app_init ] --END-- [ RunTime:0.001441s ]
ERR: 无法加载模块:List

[ 2016-05-12T15:23:55+08:00 ] ::1 /jiefang/js/kandtabs/01.png
INFO: [ app_init ] --START--
INFO: Run Behavior\BuildLiteBehavior [ RunTime:0.000032s ]
INFO: [ app_init ] --END-- [ RunTime:0.001111s ]
ERR: 无法加载模块:Js

[ 2016-05-12T15:29:39+08:00 ] ::1 /jiefang/js/kandtabs/resultset_previous.png
INFO: [ app_init ] --START--
INFO: Run Behavior\BuildLiteBehavior [ RunTime:0.000034s ]
INFO: [ app_init ] --END-- [ RunTime:0.001478s ]
ERR: 无法加载模块:Js

[ 2016-05-12T15:29:39+08:00 ] ::1 /jiefang/js/kandtabs/resultset_next.png
INFO: [ app_init ] --START--
INFO: Run Behavior\BuildLiteBehavior [ RunTime:0.000031s ]
INFO: [ app_init ] --END-- [ RunTime:0.001245s ]
ERR: 无法加载模块:Js

[ 2016-05-12T15:29:39+08:00 ] ::1 /jiefang/js/kandtabs/01.png
INFO: [ app_init ] --START--
INFO: Run Behavior\BuildLiteBehavior [ RunTime:0.000037s ]
INFO: [ app_init ] --END-- [ RunTime:0.001379s ]
ERR: 无法加载模块:Js

[ 2016-05-12T15:29:42+08:00 ] ::1 /jiefang/list.html?h:707.25
INFO: [ app_init ] --START--
INFO: Run Behavior\BuildLiteBehavior [ RunTime:0.000023s ]
INFO: [ app_init ] --END-- [ RunTime:0.000927s ]
ERR: 无法加载模块:List

[ 2016-05-12T15:29:42+08:00 ] ::1 /jiefang/js/kandtabs/01.png
INFO: [ app_init ] --START--
INFO: Run Behavior\BuildLiteBehavior [ RunTime:0.000020s ]
INFO: [ app_init ] --END-- [ RunTime:0.000910s ]
ERR: 无法加载模块:Js

[ 2016-05-12T15:31:14+08:00 ] ::1 /jiefang/js/kandtabs/resultset_next.png
INFO: [ app_init ] --START--
INFO: Run Behavior\BuildLiteBehavior [ RunTime:0.000035s ]
INFO: [ app_init ] --END-- [ RunTime:0.001277s ]
ERR: 无法加载模块:Js

[ 2016-05-12T15:31:14+08:00 ] ::1 /jiefang/js/kandtabs/resultset_previous.png
INFO: [ app_init ] --START--
INFO: Run Behavior\BuildLiteBehavior [ RunTime:0.000033s ]
INFO: [ app_init ] --END-- [ RunTime:0.001234s ]
ERR: 无法加载模块:Js

[ 2016-05-12T15:31:20+08:00 ] ::1 /jiefang/js/kandtabs/01.png
INFO: [ app_init ] --START--
INFO: Run Behavior\BuildLiteBehavior [ RunTime:0.000025s ]
INFO: [ app_init ] --END-- [ RunTime:0.000880s ]
ERR: 无法加载模块:Js

[ 2016-05-12T15:32:10+08:00 ] ::1 /jiefang/js/kandtabs/resultset_next.png
INFO: [ app_init ] --START--
INFO: Run Behavior\BuildLiteBehavior [ RunTime:0.000035s ]
INFO: [ app_init ] --END-- [ RunTime:0.001298s ]
ERR: 无法加载模块:Js

[ 2016-05-12T15:32:10+08:00 ] ::1 /jiefang/js/kandtabs/resultset_previous.png
INFO: [ app_init ] --START--
INFO: Run Behavior\BuildLiteBehavior [ RunTime:0.000032s ]
INFO: [ app_init ] --END-- [ RunTime:0.001237s ]
ERR: 无法加载模块:Js

[ 2016-05-12T15:32:10+08:00 ] ::1 /jiefang/js/kandtabs/01.png
INFO: [ app_init ] --START--
INFO: Run Behavior\BuildLiteBehavior [ RunTime:0.000033s ]
INFO: [ app_init ] --END-- [ RunTime:0.001258s ]
ERR: 无法加载模块:Js

[ 2016-05-12T15:32:13+08:00 ] ::1 /jiefang/js/kandtabs/01.png
INFO: [ app_init ] --START--
INFO: Run Behavior\BuildLiteBehavior [ RunTime:0.000052s ]
INFO: [ app_init ] --END-- [ RunTime:0.001092s ]
ERR: 无法加载模块:Js

[ 2016-05-12T15:33:28+08:00 ] ::1 /jiefang/js/kandtabs/01.png
INFO: [ app_init ] --START--
INFO: Run Behavior\BuildLiteBehavior [ RunTime:0.000033s ]
INFO: [ app_init ] --END-- [ RunTime:0.001248s ]
ERR: 无法加载模块:Js

[ 2016-05-12T15:33:28+08:00 ] ::1 /jiefang/js/kandtabs/resultset_previous.png
INFO: [ app_init ] --START--
INFO: Run Behavior\BuildLiteBehavior [ RunTime:0.000034s ]
INFO: [ app_init ] --END-- [ RunTime:0.001308s ]
ERR: 无法加载模块:Js

[ 2016-05-12T15:33:28+08:00 ] ::1 /jiefang/js/kandtabs/resultset_next.png
INFO: [ app_init ] --START--
INFO: Run Behavior\BuildLiteBehavior [ RunTime:0.000034s ]
INFO: [ app_init ] --END-- [ RunTime:0.001220s ]
ERR: 无法加载模块:Js

[ 2016-05-12T15:33:30+08:00 ] ::1 /jiefang/js/kandtabs/01.png
INFO: [ app_init ] --START--
INFO: Run Behavior\BuildLiteBehavior [ RunTime:0.000022s ]
INFO: [ app_init ] --END-- [ RunTime:0.000859s ]
ERR: 无法加载模块:Js

[ 2016-05-12T15:33:32+08:00 ] ::1 /jiefang/js/kandtabs/01.png
INFO: [ app_init ] --START--
INFO: Run Behavior\BuildLiteBehavior [ RunTime:0.000021s ]
INFO: [ app_init ] --END-- [ RunTime:0.000854s ]
ERR: 无法加载模块:Js

[ 2016-05-12T15:33:57+08:00 ] ::1 /jiefang/js/kandtabs/resultset_previous.png
INFO: [ app_init ] --START--
INFO: Run Behavior\BuildLiteBehavior [ RunTime:0.000033s ]
INFO: [ app_init ] --END-- [ RunTime:0.001235s ]
ERR: 无法加载模块:Js

[ 2016-05-12T15:33:57+08:00 ] ::1 /jiefang/js/kandtabs/01.png
INFO: [ app_init ] --START--
INFO: Run Behavior\BuildLiteBehavior [ RunTime:0.000034s ]
INFO: [ app_init ] --END-- [ RunTime:0.001217s ]
ERR: 无法加载模块:Js

[ 2016-05-12T15:33:57+08:00 ] ::1 /jiefang/js/kandtabs/resultset_next.png
INFO: [ app_init ] --START--
INFO: Run Behavior\BuildLiteBehavior [ RunTime:0.000021s ]
INFO: [ app_init ] --END-- [ RunTime:0.000821s ]
ERR: 无法加载模块:Js

[ 2016-05-12T15:34:00+08:00 ] ::1 /jiefang/js/kandtabs/01.png
INFO: [ app_init ] --START--
INFO: Run Behavior\BuildLiteBehavior [ RunTime:0.000032s ]
INFO: [ app_init ] --END-- [ RunTime:0.000976s ]
ERR: 无法加载模块:Js

[ 2016-05-12T15:45:13+08:00 ] ::1 /jiefang/js/kandtabs/resultset_previous.png
INFO: [ app_init ] --START--
INFO: Run Behavior\BuildLiteBehavior [ RunTime:0.000045s ]
INFO: [ app_init ] --END-- [ RunTime:0.002030s ]
ERR: 无法加载模块:Js

[ 2016-05-12T15:45:13+08:00 ] ::1 /jiefang/js/kandtabs/01.png
INFO: [ app_init ] --START--
INFO: Run Behavior\BuildLiteBehavior [ RunTime:0.000038s ]
INFO: [ app_init ] --END-- [ RunTime:0.001357s ]
ERR: 无法加载模块:Js

[ 2016-05-12T15:45:13+08:00 ] ::1 /jiefang/js/kandtabs/resultset_next.png
INFO: [ app_init ] --START--
INFO: Run Behavior\BuildLiteBehavior [ RunTime:0.000021s ]
INFO: [ app_init ] --END-- [ RunTime:0.000855s ]
ERR: 无法加载模块:Js

[ 2016-05-12T15:45:15+08:00 ] ::1 /jiefang/js/kandtabs/01.png
INFO: [ app_init ] --START--
INFO: Run Behavior\BuildLiteBehavior [ RunTime:0.000026s ]
INFO: [ app_init ] --END-- [ RunTime:0.001722s ]
ERR: 无法加载模块:Js

[ 2016-05-12T15:45:16+08:00 ] ::1 /jiefang/js/kandtabs/01.png
INFO: [ app_init ] --START--
INFO: Run Behavior\BuildLiteBehavior [ RunTime:0.000033s ]
INFO: [ app_init ] --END-- [ RunTime:0.001085s ]
ERR: 无法加载模块:Js

[ 2016-05-12T15:45:18+08:00 ] ::1 /jiefang/js/kandtabs/00.png
INFO: [ app_init ] --START--
INFO: Run Behavior\BuildLiteBehavior [ RunTime:0.000021s ]
INFO: [ app_init ] --END-- [ RunTime:0.000840s ]
ERR: 无法加载模块:Js

[ 2016-05-12T15:45:23+08:00 ] ::1 /jiefang/js/kandtabs/01.png
INFO: [ app_init ] --START--
INFO: Run Behavior\BuildLiteBehavior [ RunTime:0.000024s ]
INFO: [ app_init ] --END-- [ RunTime:0.000859s ]
ERR: 无法加载模块:Js

[ 2016-05-12T15:47:16+08:00 ] ::1 /jiefang/js/kandtabs/00.png
INFO: [ app_init ] --START--
INFO: Run Behavior\BuildLiteBehavior [ RunTime:0.000021s ]
INFO: [ app_init ] --END-- [ RunTime:0.000817s ]
ERR: 无法加载模块:Js

[ 2016-05-12T15:47:44+08:00 ] ::1 /jiefang/js/kandtabs/01.png
INFO: [ app_init ] --START--
INFO: Run Behavior\BuildLiteBehavior [ RunTime:0.000029s ]
INFO: [ app_init ] --END-- [ RunTime:0.000984s ]
ERR: 无法加载模块:Js

[ 2016-05-12T15:52:43+08:00 ] ::1 /jiefang/js/kandtabs/00.png
INFO: [ app_init ] --START--
INFO: Run Behavior\BuildLiteBehavior [ RunTime:0.000022s ]
INFO: [ app_init ] --END-- [ RunTime:0.000813s ]
ERR: 无法加载模块:Js

[ 2016-05-12T15:52:45+08:00 ] ::1 /jiefang/js/kandtabs/01.png
INFO: [ app_init ] --START--
INFO: Run Behavior\BuildLiteBehavior [ RunTime:0.000022s ]
INFO: [ app_init ] --END-- [ RunTime:0.000878s ]
ERR: 无法加载模块:Js

[ 2016-05-12T15:52:56+08:00 ] ::1 /jiefang/images/menu_bg.jpg
INFO: [ app_init ] --START--
INFO: Run Behavior\BuildLiteBehavior [ RunTime:0.000025s ]
INFO: [ app_init ] --END-- [ RunTime:0.002065s ]
ERR: 无法加载模块:Images

[ 2016-05-12T15:54:08+08:00 ] ::1 /jiefang/js/kandtabs/resultset_previous.png
INFO: [ app_init ] --START--
INFO: Run Behavior\BuildLiteBehavior [ RunTime:0.000036s ]
INFO: [ app_init ] --END-- [ RunTime:0.001381s ]
ERR: 无法加载模块:Js

[ 2016-05-12T15:54:08+08:00 ] ::1 /jiefang/js/kandtabs/resultset_next.png
INFO: [ app_init ] --START--
INFO: Run Behavior\BuildLiteBehavior [ RunTime:0.000030s ]
INFO: [ app_init ] --END-- [ RunTime:0.001319s ]
ERR: 无法加载模块:Js

[ 2016-05-12T15:54:08+08:00 ] ::1 /jiefang/js/kandtabs/01.png
INFO: [ app_init ] --START--
INFO: Run Behavior\BuildLiteBehavior [ RunTime:0.000050s ]
INFO: [ app_init ] --END-- [ RunTime:0.001455s ]
ERR: 无法加载模块:Js

[ 2016-05-12T15:54:12+08:00 ] ::1 /jiefang/js/kandtabs/01.png
INFO: [ app_init ] --START--
INFO: Run Behavior\BuildLiteBehavior [ RunTime:0.000021s ]
INFO: [ app_init ] --END-- [ RunTime:0.000852s ]
ERR: 无法加载模块:Js

[ 2016-05-12T15:54:13+08:00 ] ::1 /jiefang/images/menu_bg.jpg
INFO: [ app_init ] --START--
INFO: Run Behavior\BuildLiteBehavior [ RunTime:0.000035s ]
INFO: [ app_init ] --END-- [ RunTime:0.001053s ]
ERR: 无法加载模块:Images

[ 2016-05-12T15:54:15+08:00 ] ::1 /jiefang/js/kandtabs/01.png
INFO: [ app_init ] --START--
INFO: Run Behavior\BuildLiteBehavior [ RunTime:0.000022s ]
INFO: [ app_init ] --END-- [ RunTime:0.000818s ]
ERR: 无法加载模块:Js

[ 2016-05-12T15:54:15+08:00 ] ::1 /jiefang/js/kandtabs/00.png
INFO: [ app_init ] --START--
INFO: Run Behavior\BuildLiteBehavior [ RunTime:0.000022s ]
INFO: [ app_init ] --END-- [ RunTime:0.000953s ]
ERR: 无法加载模块:Js

[ 2016-05-12T15:54:25+08:00 ] ::1 /jiefang/js/kandtabs/01.png
INFO: [ app_init ] --START--
INFO: Run Behavior\BuildLiteBehavior [ RunTime:0.000037s ]
INFO: [ app_init ] --END-- [ RunTime:0.001077s ]
ERR: 无法加载模块:Js

[ 2016-05-12T15:54:26+08:00 ] ::1 /jiefang/js/kandtabs/01.png
INFO: [ app_init ] --START--
INFO: Run Behavior\BuildLiteBehavior [ RunTime:0.000023s ]
INFO: [ app_init ] --END-- [ RunTime:0.000900s ]
ERR: 无法加载模块:Js

[ 2016-05-12T15:55:07+08:00 ] ::1 /jiefang/js/kandtabs/00.png
INFO: [ app_init ] --START--
INFO: Run Behavior\BuildLiteBehavior [ RunTime:0.000024s ]
INFO: [ app_init ] --END-- [ RunTime:0.000967s ]
ERR: 无法加载模块:Js

[ 2016-05-12T15:55:08+08:00 ] ::1 /jiefang/js/kandtabs/01.png
INFO: [ app_init ] --START--
INFO: Run Behavior\BuildLiteBehavior [ RunTime:0.000022s ]
INFO: [ app_init ] --END-- [ RunTime:0.001170s ]
ERR: 无法加载模块:Js

[ 2016-05-12T15:55:12+08:00 ] ::1 /jiefang/js/kandtabs/00.png
INFO: [ app_init ] --START--
INFO: Run Behavior\BuildLiteBehavior [ RunTime:0.000023s ]
INFO: [ app_init ] --END-- [ RunTime:0.000797s ]
ERR: 无法加载模块:Js

[ 2016-05-12T15:55:20+08:00 ] ::1 /jiefang/images/menu_bg.jpg
INFO: [ app_init ] --START--
INFO: Run Behavior\BuildLiteBehavior [ RunTime:0.000023s ]
INFO: [ app_init ] --END-- [ RunTime:0.000899s ]
ERR: 无法加载模块:Images

[ 2016-05-12T15:55:57+08:00 ] ::1 /jiefang/__PUBLIC__/Admin/Js/kandtabs/resultset_previous.png
INFO: [ app_init ] --START--
INFO: Run Behavior\BuildLiteBehavior [ RunTime:0.000039s ]
INFO: [ app_init ] --END-- [ RunTime:0.001962s ]
ERR: 无法加载模块:__PUBLIC__

[ 2016-05-12T15:55:57+08:00 ] ::1 /jiefang/__PUBLIC__/Admin/Js/kandtabs/resultset_next.png
INFO: [ app_init ] --START--
INFO: Run Behavior\BuildLiteBehavior [ RunTime:0.000035s ]
INFO: [ app_init ] --END-- [ RunTime:0.001358s ]
ERR: 无法加载模块:__PUBLIC__

[ 2016-05-12T15:55:57+08:00 ] ::1 /jiefang/__PUBLIC__/Admin/Js/kandtabs/01.png
INFO: [ app_init ] --START--
INFO: Run Behavior\BuildLiteBehavior [ RunTime:0.000026s ]
INFO: [ app_init ] --END-- [ RunTime:0.001141s ]
ERR: 无法加载模块:__PUBLIC__

[ 2016-05-12T15:56:00+08:00 ] ::1 /jiefang/__PUBLIC__/Admin/Js/kandtabs/01.png
INFO: [ app_init ] --START--
INFO: Run Behavior\BuildLiteBehavior [ RunTime:0.000035s ]
INFO: [ app_init ] --END-- [ RunTime:0.001049s ]
ERR: 无法加载模块:__PUBLIC__

[ 2016-05-12T15:56:02+08:00 ] ::1 /jiefang/images/menu_bg.jpg
INFO: [ app_init ] --START--
INFO: Run Behavior\BuildLiteBehavior [ RunTime:0.000037s ]
INFO: [ app_init ] --END-- [ RunTime:0.001349s ]
ERR: 无法加载模块:Images

[ 2016-05-12T15:56:03+08:00 ] ::1 /jiefang/__PUBLIC__/Admin/Js/kandtabs/00.png
INFO: [ app_init ] --START--
INFO: Run Behavior\BuildLiteBehavior [ RunTime:0.000022s ]
INFO: [ app_init ] --END-- [ RunTime:0.000846s ]
ERR: 无法加载模块:__PUBLIC__

[ 2016-05-12T15:56:18+08:00 ] ::1 /jiefang/__PUBLIC__/Admin/Js/kandtabs/01.png
INFO: [ app_init ] --START--
INFO: Run Behavior\BuildLiteBehavior [ RunTime:0.000022s ]
INFO: [ app_init ] --END-- [ RunTime:0.000848s ]
ERR: 无法加载模块:__PUBLIC__

[ 2016-05-12T15:56:19+08:00 ] ::1 /jiefang/__PUBLIC__/Admin/Js/kandtabs/00.png
INFO: [ app_init ] --START--
INFO: Run Behavior\BuildLiteBehavior [ RunTime:0.000023s ]
INFO: [ app_init ] --END-- [ RunTime:0.000950s ]
ERR: 无法加载模块:__PUBLIC__

[ 2016-05-12T15:56:19+08:00 ] ::1 /jiefang/__PUBLIC__/Admin/Js/kandtabs/01.png
INFO: [ app_init ] --START--
INFO: Run Behavior\BuildLiteBehavior [ RunTime:0.000022s ]
INFO: [ app_init ] --END-- [ RunTime:0.000947s ]
ERR: 无法加载模块:__PUBLIC__

[ 2016-05-12T15:56:20+08:00 ] ::1 /jiefang/__PUBLIC__/Admin/Js/kandtabs/00.png
INFO: [ app_init ] --START--
INFO: Run Behavior\BuildLiteBehavior [ RunTime:0.000022s ]
INFO: [ app_init ] --END-- [ RunTime:0.000841s ]
ERR: 无法加载模块:__PUBLIC__

[ 2016-05-12T15:56:21+08:00 ] ::1 /jiefang/__PUBLIC__/Admin/Js/kandtabs/01.png
INFO: [ app_init ] --START--
INFO: Run Behavior\BuildLiteBehavior [ RunTime:0.000022s ]
INFO: [ app_init ] --END-- [ RunTime:0.000850s ]
ERR: 无法加载模块:__PUBLIC__

[ 2016-05-12T15:56:22+08:00 ] ::1 /jiefang/__PUBLIC__/Admin/Js/kandtabs/00.png
INFO: [ app_init ] --START--
INFO: Run Behavior\BuildLiteBehavior [ RunTime:0.000023s ]
INFO: [ app_init ] --END-- [ RunTime:0.000787s ]
ERR: 无法加载模块:__PUBLIC__

[ 2016-05-12T15:56:22+08:00 ] ::1 /jiefang/__PUBLIC__/Admin/Js/kandtabs/01.png
INFO: [ app_init ] --START--
INFO: Run Behavior\BuildLiteBehavior [ RunTime:0.000022s ]
INFO: [ app_init ] --END-- [ RunTime:0.000899s ]
ERR: 无法加载模块:__PUBLIC__

[ 2016-05-12T15:56:23+08:00 ] ::1 /jiefang/__PUBLIC__/Admin/Js/kandtabs/00.png
INFO: [ app_init ] --START--
INFO: Run Behavior\BuildLiteBehavior [ RunTime:0.000021s ]
INFO: [ app_init ] --END-- [ RunTime:0.000826s ]
ERR: 无法加载模块:__PUBLIC__

[ 2016-05-12T15:56:23+08:00 ] ::1 /jiefang/__PUBLIC__/Admin/Js/kandtabs/01.png
INFO: [ app_init ] --START--
INFO: Run Behavior\BuildLiteBehavior [ RunTime:0.000021s ]
INFO: [ app_init ] --END-- [ RunTime:0.000819s ]
ERR: 无法加载模块:__PUBLIC__

[ 2016-05-12T15:56:27+08:00 ] ::1 /jiefang/__PUBLIC__/Admin/Js/kandtabs/01.png
INFO: [ app_init ] --START--
INFO: Run Behavior\BuildLiteBehavior [ RunTime:0.000023s ]
INFO: [ app_init ] --END-- [ RunTime:0.000890s ]
ERR: 无法加载模块:__PUBLIC__

[ 2016-05-12T15:58:29+08:00 ] ::1 /jiefang/images/menu_bg.jpg
INFO: [ app_init ] --START--
INFO: Run Behavior\BuildLiteBehavior [ RunTime:0.000035s ]
INFO: [ app_init ] --END-- [ RunTime:0.001583s ]
ERR: 无法加载模块:Images

[ 2016-05-12T16:02:11+08:00 ] ::1 /jiefang/Js/kandtabs/resultset_next.png
INFO: [ app_init ] --START--
INFO: Run Behavior\BuildLiteBehavior [ RunTime:0.000036s ]
INFO: [ app_init ] --END-- [ RunTime:0.002115s ]
ERR: 无法加载模块:Js

[ 2016-05-12T16:02:11+08:00 ] ::1 /jiefang/Js/kandtabs/resultset_previous.png
INFO: [ app_init ] --START--
INFO: Run Behavior\BuildLiteBehavior [ RunTime:0.000036s ]
INFO: [ app_init ] --END-- [ RunTime:0.001477s ]
ERR: 无法加载模块:Js

[ 2016-05-12T16:02:11+08:00 ] ::1 /jiefang/Js/kandtabs/01.png
INFO: [ app_init ] --START--
INFO: Run Behavior\BuildLiteBehavior [ RunTime:0.000025s ]
INFO: [ app_init ] --END-- [ RunTime:0.001004s ]
ERR: 无法加载模块:Js

[ 2016-05-12T16:02:14+08:00 ] ::1 /jiefang/Js/kandtabs/01.png
INFO: [ app_init ] --START--
INFO: Run Behavior\BuildLiteBehavior [ RunTime:0.000022s ]
INFO: [ app_init ] --END-- [ RunTime:0.000856s ]
ERR: 无法加载模块:Js

[ 2016-05-12T16:02:16+08:00 ] ::1 /jiefang/images/menu_bg.jpg
INFO: [ app_init ] --START--
INFO: Run Behavior\BuildLiteBehavior [ RunTime:0.000034s ]
INFO: [ app_init ] --END-- [ RunTime:0.001083s ]
ERR: 无法加载模块:Images

[ 2016-05-12T16:02:18+08:00 ] ::1 /jiefang/Js/kandtabs/00.png
INFO: [ app_init ] --START--
INFO: Run Behavior\BuildLiteBehavior [ RunTime:0.000024s ]
INFO: [ app_init ] --END-- [ RunTime:0.000861s ]
ERR: 无法加载模块:Js

[ 2016-05-12T16:02:25+08:00 ] ::1 /jiefang/Js/kandtabs/01.png
INFO: [ app_init ] --START--
INFO: Run Behavior\BuildLiteBehavior [ RunTime:0.000025s ]
INFO: [ app_init ] --END-- [ RunTime:0.001025s ]
ERR: 无法加载模块:Js

[ 2016-05-12T16:02:26+08:00 ] ::1 /jiefang/Js/kandtabs/01.png
INFO: [ app_init ] --START--
INFO: Run Behavior\BuildLiteBehavior [ RunTime:0.000024s ]
INFO: [ app_init ] --END-- [ RunTime:0.001453s ]
ERR: 无法加载模块:Js

[ 2016-05-12T16:09:17+08:00 ] ::1 /jiefang/js/kandtabs/resultset_next.png
INFO: [ app_init ] --START--
INFO: Run Behavior\BuildLiteBehavior [ RunTime:0.000041s ]
INFO: [ app_init ] --END-- [ RunTime:0.001424s ]
ERR: 无法加载模块:Js

[ 2016-05-12T16:09:17+08:00 ] ::1 /jiefang/js/kandtabs/resultset_previous.png
INFO: [ app_init ] --START--
INFO: Run Behavior\BuildLiteBehavior [ RunTime:0.000033s ]
INFO: [ app_init ] --END-- [ RunTime:0.001481s ]
ERR: 无法加载模块:Js

[ 2016-05-12T16:09:17+08:00 ] ::1 /jiefang/js/kandtabs/01.png
INFO: [ app_init ] --START--
INFO: Run Behavior\BuildLiteBehavior [ RunTime:0.000035s ]
INFO: [ app_init ] --END-- [ RunTime:0.001292s ]
ERR: 无法加载模块:Js

[ 2016-05-12T16:09:30+08:00 ] ::1 /jiefang/js/kandtabs/01.png
INFO: [ app_init ] --START--
INFO: Run Behavior\BuildLiteBehavior [ RunTime:0.000038s ]
INFO: [ app_init ] --END-- [ RunTime:0.001425s ]
ERR: 无法加载模块:Js

[ 2016-05-12T16:24:18+08:00 ] ::1 /jiefang/list.html?h:535.5
INFO: [ app_init ] --START--
INFO: Run Behavior\BuildLiteBehavior [ RunTime:0.000023s ]
INFO: [ app_init ] --END-- [ RunTime:0.000846s ]
ERR: 无法加载模块:List

[ 2016-05-12T16:24:19+08:00 ] ::1 /jiefang/images/menu_bg.jpg
INFO: [ app_init ] --START--
INFO: Run Behavior\BuildLiteBehavior [ RunTime:0.000037s ]
INFO: [ app_init ] --END-- [ RunTime:0.001157s ]
ERR: 无法加载模块:Images

[ 2016-05-12T16:26:43+08:00 ] ::1 /jiefang/list.html?h:535.5
INFO: [ app_init ] --START--
INFO: Run Behavior\BuildLiteBehavior [ RunTime:0.000047s ]
INFO: [ app_init ] --END-- [ RunTime:0.000892s ]
ERR: 无法加载模块:List

[ 2016-05-12T16:29:50+08:00 ] ::1 /jiefang/list.html?h:535.5
INFO: [ app_init ] --START--
INFO: Run Behavior\BuildLiteBehavior [ RunTime:0.000023s ]
INFO: [ app_init ] --END-- [ RunTime:0.000844s ]
ERR: 无法加载模块:List

[ 2016-05-12T16:29:57+08:00 ] ::1 /jiefang/list.html?h:535.5
INFO: [ app_init ] --START--
INFO: Run Behavior\BuildLiteBehavior [ RunTime:0.000023s ]
INFO: [ app_init ] --END-- [ RunTime:0.000855s ]
ERR: 无法加载模块:List

[ 2016-05-12T16:40:01+08:00 ] ::1 /jiefang/images/menu_bg.jpg
INFO: [ app_init ] --START--
INFO: Run Behavior\BuildLiteBehavior [ RunTime:0.000026s ]
INFO: [ app_init ] --END-- [ RunTime:0.001134s ]
ERR: 无法加载模块:Images

[ 2016-05-12T16:56:58+08:00 ] ::1 /jiefang/images/menu_bg.jpg
INFO: [ app_init ] --START--
INFO: Run Behavior\BuildLiteBehavior [ RunTime:0.000024s ]
INFO: [ app_init ] --END-- [ RunTime:0.000881s ]
ERR: 无法加载模块:Images

