[ 2016-05-11T23:24:03+08:00 ] 127.0.0.1 /jiefang/css/global.css
INFO: [ app_init ] --START--
INFO: Run Behavior\BuildLiteBehavior [ RunTime:0.000020s ]
INFO: [ app_init ] --END-- [ RunTime:0.000673s ]
ERR: æ— æ³•åŠ è½½æ¨¡å—:Css

[ 2016-05-11T23:24:03+08:00 ] 127.0.0.1 /jiefang/js/easing.js
INFO: [ app_init ] --START--
INFO: Run Behavior\BuildLiteBehavior [ RunTime:0.000020s ]
INFO: [ app_init ] --END-- [ RunTime:0.000650s ]
ERR: æ— æ³•åŠ è½½æ¨¡å—:Js

[ 2016-05-11T23:24:03+08:00 ] 127.0.0.1 /jiefang/js/kandtabs/kandytabs.css
INFO: [ app_init ] --START--
INFO: Run Behavior\BuildLiteBehavior [ RunTime:0.000022s ]
INFO: [ app_init ] --END-- [ RunTime:0.001282s ]
ERR: æ— æ³•åŠ è½½æ¨¡å—:Js

[ 2016-05-11T23:24:04+08:00 ] 127.0.0.1 /jiefang/css/menu.css
INFO: [ app_init ] --START--
INFO: Run Behavior\BuildLiteBehavior [ RunTime:0.000020s ]
INFO: [ app_init ] --END-- [ RunTime:0.000748s ]
ERR: æ— æ³•åŠ è½½æ¨¡å—:Css

[ 2016-05-11T23:24:04+08:00 ] 127.0.0.1 /jiefang/css/index.css
INFO: [ app_init ] --START--
INFO: Run Behavior\BuildLiteBehavior [ RunTime:0.000022s ]
INFO: [ app_init ] --END-- [ RunTime:0.003994s ]
ERR: æ— æ³•åŠ è½½æ¨¡å—:Css

[ 2016-05-11T23:24:04+08:00 ] 127.0.0.1 /jiefang/css/lanrenzhijia.css
INFO: [ app_init ] --START--
INFO: Run Behavior\BuildLiteBehavior [ RunTime:0.000020s ]
INFO: [ app_init ] --END-- [ RunTime:0.000707s ]
ERR: æ— æ³•åŠ è½½æ¨¡å—:Css

[ 2016-05-11T23:24:04+08:00 ] 127.0.0.1 /jiefang/js/autoheight.js
INFO: [ app_init ] --START--
INFO: Run Behavior\BuildLiteBehavior [ RunTime:0.000021s ]
INFO: [ app_init ] --END-- [ RunTime:0.000802s ]
ERR: æ— æ³•åŠ è½½æ¨¡å—:Js

[ 2016-05-11T23:24:04+08:00 ] 127.0.0.1 /jiefang/js/jquery-1.8.0.min.js
INFO: [ app_init ] --START--
INFO: Run Behavior\BuildLiteBehavior [ RunTime:0.000015s ]
INFO: [ app_init ] --END-- [ RunTime:0.000481s ]
ERR: æ— æ³•åŠ è½½æ¨¡å—:Js

[ 2016-05-11T23:24:04+08:00 ] 127.0.0.1 /jiefang/js/kandtabs/kandytabs.pack.js
INFO: [ app_init ] --START--
INFO: Run Behavior\BuildLiteBehavior [ RunTime:0.000024s ]
INFO: [ app_init ] --END-- [ RunTime:0.000788s ]
ERR: æ— æ³•åŠ è½½æ¨¡å—:Js

[ 2016-05-11T23:24:04+08:00 ] 127.0.0.1 /jiefang/images/menu.jpg
INFO: [ app_init ] --START--
INFO: Run Behavior\BuildLiteBehavior [ RunTime:0.000018s ]
INFO: [ app_init ] --END-- [ RunTime:0.000623s ]
ERR: æ— æ³•åŠ è½½æ¨¡å—:Images

[ 2016-05-11T23:24:04+08:00 ] 127.0.0.1 /jiefang/images/people.jpg
INFO: [ app_init ] --START--
INFO: Run Behavior\BuildLiteBehavior [ RunTime:0.000020s ]
INFO: [ app_init ] --END-- [ RunTime:0.000643s ]
ERR: æ— æ³•åŠ è½½æ¨¡å—:Images

[ 2016-05-11T23:24:04+08:00 ] 127.0.0.1 /jiefang/images/liaotian.png
INFO: [ app_init ] --START--
INFO: Run Behavior\BuildLiteBehavior [ RunTime:0.000018s ]
INFO: [ app_init ] --END-- [ RunTime:0.000621s ]
ERR: æ— æ³•åŠ è½½æ¨¡å—:Images

[ 2016-05-11T23:24:04+08:00 ] 127.0.0.1 /jiefang/js/easing.js
INFO: [ app_init ] --START--
INFO: Run Behavior\BuildLiteBehavior [ RunTime:0.000020s ]
INFO: [ app_init ] --END-- [ RunTime:0.000636s ]
ERR: æ— æ³•åŠ è½½æ¨¡å—:Js

[ 2016-05-11T23:24:04+08:00 ] 127.0.0.1 /jiefang/images/tixing.png
INFO: [ app_init ] --START--
INFO: Run Behavior\BuildLiteBehavior [ RunTime:0.000023s ]
INFO: [ app_init ] --END-- [ RunTime:0.000661s ]
ERR: æ— æ³•åŠ è½½æ¨¡å—:Images

[ 2016-05-11T23:24:04+08:00 ] 127.0.0.1 /jiefang/images/logo.png
INFO: [ app_init ] --START--
INFO: Run Behavior\BuildLiteBehavior [ RunTime:0.000019s ]
INFO: [ app_init ] --END-- [ RunTime:0.000662s ]
ERR: æ— æ³•åŠ è½½æ¨¡å—:Images

[ 2016-05-11T23:24:04+08:00 ] 127.0.0.1 /jiefang/images/youjian.png
INFO: [ app_init ] --START--
INFO: Run Behavior\BuildLiteBehavior [ RunTime:0.000021s ]
INFO: [ app_init ] --END-- [ RunTime:0.000649s ]
ERR: æ— æ³•åŠ è½½æ¨¡å—:Images

[ 2016-05-11T23:24:04+08:00 ] 127.0.0.1 /jiefang/js/kandtabs/kandytabs.css
INFO: [ app_init ] --START--
INFO: Run Behavior\BuildLiteBehavior [ RunTime:0.000022s ]
INFO: [ app_init ] --END-- [ RunTime:0.000820s ]
ERR: æ— æ³•åŠ è½½æ¨¡å—:Js

[ 2016-05-11T23:24:04+08:00 ] 127.0.0.1 /jiefang/js/autoheight.js
INFO: [ app_init ] --START--
INFO: Run Behavior\BuildLiteBehavior [ RunTime:0.000022s ]
INFO: [ app_init ] --END-- [ RunTime:0.001374s ]
ERR: æ— æ³•åŠ è½½æ¨¡å—:Js

[ 2016-05-11T23:24:04+08:00 ] 127.0.0.1 /jiefang/css/lanrenzhijia.css
INFO: [ app_init ] --START--
INFO: Run Behavior\BuildLiteBehavior [ RunTime:0.000015s ]
INFO: [ app_init ] --END-- [ RunTime:0.000449s ]
ERR: æ— æ³•åŠ è½½æ¨¡å—:Css

[ 2016-05-11T23:24:04+08:00 ] 127.0.0.1 /jiefang/images/menu.jpg
INFO: [ app_init ] --START--
INFO: Run Behavior\BuildLiteBehavior [ RunTime:0.000033s ]
INFO: [ app_init ] --END-- [ RunTime:0.001029s ]
ERR: æ— æ³•åŠ è½½æ¨¡å—:Images

[ 2016-05-11T23:24:04+08:00 ] 127.0.0.1 /jiefang/images/people.jpg
INFO: [ app_init ] --START--
INFO: Run Behavior\BuildLiteBehavior [ RunTime:0.000020s ]
INFO: [ app_init ] --END-- [ RunTime:0.000825s ]
ERR: æ— æ³•åŠ è½½æ¨¡å—:Images

[ 2016-05-11T23:24:04+08:00 ] 127.0.0.1 /jiefang/images/tixing.png
INFO: [ app_init ] --START--
INFO: Run Behavior\BuildLiteBehavior [ RunTime:0.000023s ]
INFO: [ app_init ] --END-- [ RunTime:0.000664s ]
ERR: æ— æ³•åŠ è½½æ¨¡å—:Images

[ 2016-05-11T23:24:04+08:00 ] 127.0.0.1 /jiefang/images/logo.png
INFO: [ app_init ] --START--
INFO: Run Behavior\BuildLiteBehavior [ RunTime:0.000025s ]
INFO: [ app_init ] --END-- [ RunTime:0.000925s ]
ERR: æ— æ³•åŠ è½½æ¨¡å—:Images

[ 2016-05-11T23:24:04+08:00 ] 127.0.0.1 /jiefang/center.html
INFO: [ app_init ] --START--
INFO: Run Behavior\BuildLiteBehavior [ RunTime:0.000068s ]
INFO: [ app_init ] --END-- [ RunTime:0.000990s ]
ERR: æ— æ³•åŠ è½½æ¨¡å—:Center

[ 2016-05-11T23:24:04+08:00 ] 127.0.0.1 /jiefang/images/menu_bg.jpg
INFO: [ app_init ] --START--
INFO: Run Behavior\BuildLiteBehavior [ RunTime:0.000019s ]
INFO: [ app_init ] --END-- [ RunTime:0.000666s ]
ERR: æ— æ³•åŠ è½½æ¨¡å—:Images

[ 2016-05-11T23:24:04+08:00 ] 127.0.0.1 /jiefang/images/liaotian.png
INFO: [ app_init ] --START--
INFO: Run Behavior\BuildLiteBehavior [ RunTime:0.000021s ]
INFO: [ app_init ] --END-- [ RunTime:0.000764s ]
ERR: æ— æ³•åŠ è½½æ¨¡å—:Images

[ 2016-05-11T23:24:04+08:00 ] 127.0.0.1 /jiefang/images/youjian.png
INFO: [ app_init ] --START--
INFO: Run Behavior\BuildLiteBehavior [ RunTime:0.000023s ]
INFO: [ app_init ] --END-- [ RunTime:0.001630s ]
ERR: æ— æ³•åŠ è½½æ¨¡å—:Images

[ 2016-05-11T23:33:03+08:00 ] 127.0.0.1 /jiefang/images/liaotian.png
INFO: [ app_init ] --START--
INFO: Run Behavior\BuildLiteBehavior [ RunTime:0.000020s ]
INFO: [ app_init ] --END-- [ RunTime:0.000732s ]
ERR: æ— æ³•åŠ è½½æ¨¡å—:Images

[ 2016-05-11T23:33:03+08:00 ] 127.0.0.1 /jiefang/images/logo.png
INFO: [ app_init ] --START--
INFO: Run Behavior\BuildLiteBehavior [ RunTime:0.000021s ]
INFO: [ app_init ] --END-- [ RunTime:0.000716s ]
ERR: æ— æ³•åŠ è½½æ¨¡å—:Images

[ 2016-05-11T23:33:03+08:00 ] 127.0.0.1 /jiefang/images/tixing.png
INFO: [ app_init ] --START--
INFO: Run Behavior\BuildLiteBehavior [ RunTime:0.000024s ]
INFO: [ app_init ] --END-- [ RunTime:0.000916s ]
ERR: æ— æ³•åŠ è½½æ¨¡å—:Images

[ 2016-05-11T23:33:03+08:00 ] 127.0.0.1 /jiefang/images/people.jpg
INFO: [ app_init ] --START--
INFO: Run Behavior\BuildLiteBehavior [ RunTime:0.000021s ]
INFO: [ app_init ] --END-- [ RunTime:0.000774s ]
ERR: æ— æ³•åŠ è½½æ¨¡å—:Images

[ 2016-05-11T23:33:03+08:00 ] 127.0.0.1 /jiefang/images/youjian.png
INFO: [ app_init ] --START--
INFO: Run Behavior\BuildLiteBehavior [ RunTime:0.000024s ]
INFO: [ app_init ] --END-- [ RunTime:0.012301s ]
ERR: æ— æ³•åŠ è½½æ¨¡å—:Images

[ 2016-05-11T23:33:03+08:00 ] 127.0.0.1 /jiefang/images/menu.jpg
INFO: [ app_init ] --START--
INFO: Run Behavior\BuildLiteBehavior [ RunTime:0.000021s ]
INFO: [ app_init ] --END-- [ RunTime:0.000753s ]
ERR: æ— æ³•åŠ è½½æ¨¡å—:Images

[ 2016-05-11T23:33:04+08:00 ] 127.0.0.1 /jiefang/js/kandtabs/resultset_next.png
INFO: [ app_init ] --START--
INFO: Run Behavior\BuildLiteBehavior [ RunTime:0.000022s ]
INFO: [ app_init ] --END-- [ RunTime:0.000692s ]
ERR: æ— æ³•åŠ è½½æ¨¡å—:Js

[ 2016-05-11T23:33:04+08:00 ] 127.0.0.1 /jiefang/Public/Admin/images/icon_head.png
INFO: [ app_init ] --START--
INFO: Run Behavior\BuildLiteBehavior [ RunTime:0.000020s ]
INFO: [ app_init ] --END-- [ RunTime:0.000633s ]
ERR: æ— æ³•åŠ è½½æ¨¡å—:Public

[ 2016-05-11T23:33:04+08:00 ] 127.0.0.1 /jiefang/images/logo.png
INFO: [ app_init ] --START--
INFO: Run Behavior\BuildLiteBehavior [ RunTime:0.000021s ]
INFO: [ app_init ] --END-- [ RunTime:0.000978s ]
ERR: æ— æ³•åŠ è½½æ¨¡å—:Images

[ 2016-05-11T23:33:04+08:00 ] 127.0.0.1 /jiefang/images/liaotian.png
INFO: [ app_init ] --START--
INFO: Run Behavior\BuildLiteBehavior [ RunTime:0.000021s ]
INFO: [ app_init ] --END-- [ RunTime:0.001258s ]
ERR: æ— æ³•åŠ è½½æ¨¡å—:Images

¡å—:Js

[ 2016-05-11T23:33:04+08:00 ] 127.0.0.1 /jiefang/js/kandtabs/01.png
INFO: [ app_init ] --START--
INFO: Run Behavior\BuildLiteBehavior [ RunTime:0.000020s ]
INFO: [ app_init ] --END-- [ RunTime:0.000556s ]
ERR: æ— æ³•åŠ è½½æ¨¡å—:Js

[ 2016-05-11T23:34:52+08:00 ] 127.0.0.1 /jiefang/Public/Admin/Image/images/logo.png
INFO: [ app_init ] --START--
INFO: Run Behavior\BuildLiteBehavior [ RunTime:0.000022s ]
INFO: [ app_init ] --END-- [ RunTime:0.000677s ]
ERR: æ— æ³•åŠ è½½æ¨¡å—:Public

[ 2016-05-11T23:34:52+08:00 ] 127.0.0.1 /jiefang/Public/Admin/Image/images/tixing.png
INFO: [ app_init ] --START--
INFO: Run Behavior\BuildLiteBehavior [ RunTime:0.000021s ]
INFO: [ app_init ] --END-- [ RunTime:0.000723s ]
ERR: æ— æ³•åŠ è½½æ¨¡å—:Public

[ 2016-05-11T23:34:52+08:00 ] 127.0.0.1 /jiefang/Public/Admin/Image/images/menu.jpg
INFO: [ app_init ] --START--
INFO: Run Behavior\BuildLiteBehavior [ RunTime:0.000018s ]
INFO: [ app_init ] --END-- [ RunTime:0.000627s ]
ERR: æ— æ³•åŠ è½½æ¨¡å—:Public

[ 2016-05-11T23:34:52+08:00 ] 127.0.0.1 /jiefang/Public/Admin/Image/images/liaotian.png
INFO: [ app_init ] --START--
INFO: Run Behavior\BuildLiteBehavior [ RunTime:0.000022s ]
INFO: [ app_init ] --END-- [ RunTime:0.019677s ]
ERR: æ— æ³•åŠ è½½æ¨¡å—:Public

[ 2016-05-11T23:34:52+08:00 ] 127.0.0.1 /jiefang/Public/Admin/Image/images/tixing.png
INFO: [ app_init ] --START--
INFO: Run Behavior\BuildLiteBehavior [ RunTime:0.000021s ]
INFO: [ app_init ] --END-- [ RunTime:0.000652s ]
ERR: æ— æ³•åŠ è½½æ¨¡å—:Public

[ 2016-05-11T23:34:52+08:00 ] 127.0.0.1 /jiefang/Public/Admin/Image/images/youjian.png
INFO: [ app_init ] --START--
INFO: Run Behavior\BuildLiteBehavior [ RunTime:0.000026s ]
INFO: [ app_init ] --END-- [ RunTime:0.003085s ]
ERR: æ— æ³•åŠ è½½æ¨¡å—:Public

[ 2016-05-11T23:34:52+08:00 ] 127.0.0.1 /jiefang/Public/Admin/Image/images/people.jpg
INFO: [ app_init ] --START--
INFO: Run Behavior\BuildLiteBehavior [ RunTime:0.000015s ]
INFO: [ app_init ] --END-- [ RunTime:0.000489s ]
ERR: æ— æ³•åŠ è½½æ¨¡å—:Public

[ 2016-05-11T23:34:52+08:00 ] 127.0.0.1 /jiefang/Public/Admin/images/icon_head.png
INFO: [ app_init ] --START--
INFO: Run Behavior\BuildLiteBehavior [ RunTime:0.000022s ]
INFO: [ app_init ] --END-- [ RunTime:0.002090s ]
ERR: æ— æ³•åŠ è½½æ¨¡å—:Public

[ 2016-05-11T23:34:52+08:00 ] 127.0.0.1 /jiefang/js/kandtabs/resultset_previous.png
INFO: [ app_init ] --START--
INFO: Run Behavior\BuildLiteBehavior [ RunTime:0.000021s ]
INFO: [ app_init ] --END-- [ RunTime:0.000642s ]
ERR: æ— æ³•åŠ è½½æ¨¡å—:Js

[ 2016-05-11T23:34:52+08:00 ] 127.0.0.1 /jiefang/center.html
INFO: [ app_init ] --START--
INFO: Run Behavior\BuildLiteBehavior [ RunTime:0.000020s ]
INFO: [ app_init ] --END-- [ RunTime:0.000638s ]
ERR: æ— æ³•åŠ è½½æ¨¡å—:Center

[ 2016-05-11T23:34:52+08:00 ] 127.0.0.1 /jiefang/Public/Admin/Image/images/logo.png
INFO: [ app_init ] --START--
INFO: Run Behavior\BuildLiteBehavior [ RunTime:0.000020s ]
INFO: [ app_init ] --END-- [ RunTime:0.000663s ]
ERR: æ— æ³•åŠ è½½æ¨¡å—:Public

[ 2016-05-11T23:34:52+08:00 ] 127.0.0.1 /jiefang/js/kandtabs/resultset_next.png
INFO: [ app_init ] --START--
INFO: Run Behavior\BuildLiteBehavior [ RunTime:0.000022s ]
INFO: [ app_init ] --END-- [ RunTime:0.000764s ]
ERR: æ— æ³•åŠ è½½æ¨¡å—:Js

[ 2016-05-11T23:34:52+08:00 ] 127.0.0.1 /jiefang/js/kandtabs/01.png
INFO: [ app_init ] --START--
INFO: Run Behavior\BuildLiteBehavior [ RunTime:0.000023s ]
INFO: [ app_init ] --END-- [ RunTime:0.003551s ]
ERR: æ— æ³•åŠ è½½æ¨¡å—:Js

[ 2016-05-11T23:36:18+08:00 ] 127.0.0.1 /jiefang/Public/Admin/images/icon_head.png
INFO: [ app_init ] --START--
INFO: Run Behavior\BuildLiteBehavior [ RunTime:0.000020s ]
INFO: [ app_init ] --END-- [ RunTime:0.000670s ]
ERR: æ— æ³•åŠ è½½æ¨¡å—:Public

[ 2016-05-11T23:36:18+08:00 ] 127.0.0.1 /jiefang/js/kandtabs/resultset_previous.png
INFO: [ app_init ] --START--
INFO: Run Behavior\BuildLiteBehavior [ RunTime:0.000023s ]
INFO: [ app_init ] --END-- [ RunTime:0.000874s ]
ERR: æ— æ³•åŠ è½½æ¨¡å—:Js

[ 2016-05-11T23:36:18+08:00 ] 127.0.0.1 /jiefang/js/kandtabs/resultset_next.png
INFO: [ app_init ] --START--
INFO: Run Behavior\BuildLiteBehavior [ RunTime:0.000022s ]
INFO: [ app_init ] --END-- [ RunTime:0.002797s ]
ERR: æ— æ³•åŠ è½½æ¨¡å—:Js

[ 2016-05-11T23:36:18+08:00 ] 127.0.0.1 /jiefang/center.html
INFO: [ app_init ] --START--
INFO: Run Behavior\BuildLiteBehavior [ RunTime:0.000020s ]
INFO: [ app_init ] --END-- [ RunTime:0.000638s ]
ERR: æ— æ³•åŠ è½½æ¨¡å—:Center

[ 2016-05-11T23:36:18+08:00 ] 127.0.0.1 /jiefang/js/kandtabs/01.png
INFO: [ app_init ] --START--
INFO: Run Behavior\BuildLiteBehavior [ RunTime:0.000022s ]
INFO: [ app_init ] --END-- [ RunTime:0.000728s ]
ERR: æ— æ³•åŠ è½½æ¨¡å—:Js

[ 2016-05-11T23:42:03+08:00 ] 127.0.0.1 /jiefang/Public/Admin/images/icon_head.png
INFO: [ app_init ] --START--
INFO: Run Behavior\BuildLiteBehavior [ RunTime:0.000022s ]
INFO: [ app_init ] --END-- [ RunTime:0.000705s ]
ERR: æ— æ³•åŠ è½½æ¨¡å—:Public

[ 2016-05-11T23:42:03+08:00 ] 127.0.0.1 /jiefang/js/kandtabs/resultset_previous.png
INFO: [ app_init ] --START--
INFO: Run Behavior\BuildLiteBehavior [ RunTime:0.000025s ]
INFO: [ app_init ] --END-- [ RunTime:0.000757s ]
ERR: æ— æ³•åŠ è½½æ¨¡å—:Js

[ 2016-05-11T23:42:03+08:00 ] 127.0.0.1 /jiefang/js/kandtabs/resultset_next.png
INFO: [ app_init ] --START--
INFO: Run Behavior\BuildLiteBehavior [ RunTime:0.000023s ]
INFO: [ app_init ] --END-- [ RunTime:0.000875s ]
ERR: æ— æ³•åŠ è½½æ¨¡å—:Js

[ 2016-05-11T23:42:03+08:00 ] 127.0.0.1 /jiefang/js/kandtabs/01.png
INFO: [ app_init ] --START--
INFO: Run Behavior\BuildLiteBehavior [ RunTime:0.000019s ]
INFO: [ app_init ] --END-- [ RunTime:0.000677s ]
ERR: æ— æ³•åŠ è½½æ¨¡å—:Js

[ 2016-05-11T23:42:34+08:00 ] 127.0.0.1 /jiefang/Public/Admin/images/icon_head.png
INFO: [ app_init ] --START--
INFO: Run Behavior\BuildLiteBehavior [ RunTime:0.000023s ]
INFO: [ app_init ] --END-- [ RunTime:0.000714s ]
ERR: æ— æ³•åŠ è½½æ¨¡å—:Public

[ 2016-05-11T23:42:34+08:00 ] 127.0.0.1 /jiefang/js/kandtabs/resultset_previous.png
INFO: [ app_init ] --START--
INFO: Run Behavior\BuildLiteBehavior [ RunTime:0.000020s ]
INFO: [ app_init ] --END-- [ RunTime:0.000731s ]
ERR: æ— æ³•åŠ è½½æ¨¡å—:Js

[ 2016-05-11T23:42:34+08:00 ] 127.0.0.1 /jiefang/js/kandtabs/resultset_next.png
INFO: [ app_init ] --START--
INFO: Run Behavior\BuildLiteBehavior [ RunTime:0.000020s ]
INFO: [ app_init ] --END-- [ RunTime:0.000694s ]
ERR: æ— æ³•åŠ è½½æ¨¡å—:Js

[ 2016-05-11T23:42:34+08:00 ] 127.0.0.1 /jiefang/js/kandtabs/01.png
INFO: [ app_init ] --START--
INFO: Run Behavior\BuildLiteBehavior [ RunTime:0.000022s ]
INFO: [ app_init ] --END-- [ RunTime:0.001101s ]
ERR: æ— æ³•åŠ è½½æ¨¡å—:Js

[ 2016-05-11T23:44:16+08:00 ] 127.0.0.1 /jiefang/Public/Admin/images/icon_head.png
INFO: [ app_init ] --START--
INFO: Run Behavior\BuildLiteBehavior [ RunTime:0.000027s ]
INFO: [ app_init ] --END-- [ RunTime:0.000684s ]
ERR: æ— æ³•åŠ è½½æ¨¡å—:Public

[ 2016-05-11T23:44:16+08:00 ] 127.0.0.1 /jiefang/js/kandtabs/resultset_previous.png
INFO: [ app_init ] --START--
INFO: Run Behavior\BuildLiteBehavior [ RunTime:0.000023s ]
INFO: [ app_init ] --END-- [ RunTime:0.000688s ]
ERR: æ— æ³•åŠ è½½æ¨¡å—:Js

[ 2016-05-11T23:44:16+08:00 ] 127.0.0.1 /jiefang/js/kandtabs/resultset_next.png
INFO: [ app_init ] --START--
INFO: Run Behavior\BuildLiteBehavior [ RunTime:0.000023s ]
INFO: [ app_init ] --END-- [ RunTime:0.000747s ]
ERR: æ— æ³•åŠ è½½æ¨¡å—:Js

[ 2016-05-11T23:44:16+08:00 ] 127.0.0.1 /jiefang/js/kandtabs/01.png
INFO: [ app_init ] --START--
INFO: Run Behavior\BuildLiteBehavior [ RunTime:0.000020s ]
INFO: [ app_init ] --END-- [ RunTime:0.000668s ]
ERR: æ— æ³•åŠ è½½æ¨¡å—:Js

[ 2016-05-11T23:44:17+08:00 ] 127.0.0.1 /jiefang/Public/Admin/images/line.jpg
INFO: [ app_init ] --START--
INFO: Run Behavior\BuildLiteBehavior [ RunTime:0.000433s ]
INFO: [ app_init ] --END-- [ RunTime:0.001082s ]
ERR: æ— æ³•åŠ è½½æ¨¡å—:Public

[ 2016-05-11T23:44:17+08:00 ] 127.0.0.1 /jiefang/Public/Admin/images/content_bg.png
INFO: [ app_init ] --START--
INFO: Run Behavior\BuildLiteBehavior [ RunTime:0.000019s ]
INFO: [ app_init ] --END-- [ RunTime:0.001736s ]
ERR: æ— æ³•åŠ è½½æ¨¡å—:Public

[ 2016-05-11T23:44:17+08:00 ] 127.0.0.1 /jiefang/Public/Admin/images/weather_bg.png
INFO: [ app_init ] --START--
INFO: Run Behavior\BuildLiteBehavior [ RunTime:0.000023s ]
INFO: [ app_init ] --END-- [ RunTime:0.001770s ]
ERR: æ— æ³•åŠ è½½æ¨¡å—:Public

[ 2016-05-11T23:44:17+08:00 ] 127.0.0.1 /jiefang/Public/Admin/images/time_bg.png
INFO: [ app_init ] --START--
INFO: Run Behavior\BuildLiteBehavior [ RunTime:0.000070s ]
INFO: [ app_init ] --END-- [ RunTime:0.001059s ]
ERR: æ— æ³•åŠ è½½æ¨¡å—:Public

[ 2016-05-11T23:44:17+08:00 ] 127.0.0.1 /jiefang/Public/Admin/images/switch_tab1.png
INFO: [ app_init ] --START--
INFO: Run Behavior\BuildLiteBehavior [ RunTime:0.000020s ]
INFO: [ app_init ] --END-- [ RunTime:0.000697s ]
ERR: æ— æ³•åŠ è½½æ¨¡å—:Public

[ 2016-05-11T23:44:17+08:00 ] 127.0.0.1 /jiefang/Public/Admin/images/Switch_bg.png
INFO: [ app_init ] --START--
INFO: Run Behavior\BuildLiteBehavior [ RunTime:0.000021s ]
INFO: [ app_init ] --END-- [ RunTime:0.000794s ]
ERR: æ— æ³•åŠ è½½æ¨¡å—:Public

[ 2016-05-11T23:44:17+08:00 ] 127.0.0.1 /jiefang/Public/Admin/images/main_desktop.png
INFO: [ app_init ] --START--
INFO: Run Behavior\BuildLiteBehavior [ RunTime:0.000021s ]
INFO: [ app_init ] --END-- [ RunTime:0.000847s ]
ERR: æ— æ³•åŠ è½½æ¨¡å—:Public

[ 2016-05-11T23:44:17+08:00 ] 127.0.0.1 /jiefang/Public/Admin/images/switch_tab2.png
INFO: [ app_init ] --START--
INFO: Run Behavior\BuildLiteBehavior [ RunTime:0.000024s ]
INFO: [ app_init ] --END-- [ RunTime:0.000836s ]
ERR: æ— æ³•åŠ è½½æ¨¡å—:Public

[ 2016-05-11T23:45:38+08:00 ] 127.0.0.1 /jiefang/Public/Admin/images/city_bg.png
INFO: [ app_init ] --START--
INFO: Run Behavior\BuildLiteBehavior [ RunTime:0.000017s ]
INFO: [ app_init ] --END-- [ RunTime:0.000665s ]
ERR: æ— æ³•åŠ è½½æ¨¡å—:Public

[ 2016-05-11T23:45:59+08:00 ] 127.0.0.1 /jiefang/Public/Admin/images/time_bg.png
INFO: [ app_init ] --START--
INFO: Run Behavior\BuildLiteBehavior [ RunTime:0.000019s ]
INFO: [ app_init ] --END-- [ RunTime:0.000628s ]
ERR: æ— æ³•åŠ è½½æ¨¡å—:Public

[ 2016-05-11T23:45:59+08:00 ] 127.0.0.1 /jiefang/Public/Admin/images/weather_bg.png
INFO: [ app_init ] --START--
INFO: Run Behavior\BuildLiteBehavior [ RunTime:0.000023s ]
INFO: [ app_init ] --END-- [ RunTime:0.000885s ]
ERR: æ— æ³•åŠ è½½æ¨¡å—:Public

[ 2016-05-11T23:45:59+08:00 ] 127.0.0.1 /jiefang/Public/Admin/images/line.jpg
INFO: [ app_init ] --START--
INFO: Run Behavior\BuildLiteBehavior [ RunTime:0.000021s ]
INFO: [ app_init ] --END-- [ RunTime:0.000645s ]
ERR: æ— æ³•åŠ è½½æ¨¡å—:Public

[ 2016-05-11T23:45:59+08:00 ] 127.0.0.1 /jiefang/Public/Admin/images/main_desktop.png
INFO: [ app_init ] --START--
INFO: Run Behavior\BuildLiteBehavior [ RunTime:0.000024s ]
INFO: [ app_init ] --END-- [ RunTime:0.000894s ]
ERR: æ— æ³•åŠ è½½æ¨¡å—:Public

[ 2016-05-11T23:46:00+08:00 ] 127.0.0.1 /jiefang/Public/Admin/images/weather_bg.png
INFO: [ app_init ] --START--
INFO: Run Behavior\BuildLiteBehavior [ RunTime:0.000019s ]
INFO: [ app_init ] --END-- [ RunTime:0.000617s ]
ERR: æ— æ³•åŠ è½½æ¨¡å—:Public

[ 2016-05-11T23:46:00+08:00 ] 127.0.0.1 /jiefang/Public/Admin/images/line.jpg
INFO: [ app_init ] --START--
INFO: Run Behavior\BuildLiteBehavior [ RunTime:0.000021s ]
INFO: [ app_init ] --END-- [ RunTime:0.000708s ]
ERR: æ— æ³•åŠ è½½æ¨¡å—:Public

[ 2016-05-11T23:46:00+08:00 ] 127.0.0.1 /jiefang/Public/Admin/images/main_desktop.png
INFO: [ app_init ] --START--
INFO: Run Behavior\BuildLiteBehavior [ RunTime:0.000024s ]
INFO: [ app_init ] --END-- [ RunTime:0.000663s ]
ERR: æ— æ³•åŠ è½½æ¨¡å—:Public

[ 2016-05-11T23:46:00+08:00 ] 127.0.0.1 /jiefang/Public/Admin/images/time_bg.png
INFO: [ app_init ] --START--
INFO: Run Behavior\BuildLiteBehavior [ RunTime:0.000016s ]
INFO: [ app_init ] --END-- [ RunTime:0.000543s ]
ERR: æ— æ³•åŠ è½½æ¨¡å—:Public

[ 2016-05-11T23:48:40+08:00 ] 127.0.0.1 /jiefang/Public/Admin/images/icon_head.png
INFO: [ app_init ] --START--
INFO: Run Behavior\BuildLiteBehavior [ RunTime:0.000020s ]
INFO: [ app_init ] --END-- [ RunTime:0.000717s ]
ERR: æ— æ³•åŠ è½½æ¨¡å—:Public

[ 2016-05-11T23:48:40+08:00 ] 127.0.0.1 /jiefang/js/kandtabs/resultset_previous.png
INFO: [ app_init ] --START--
INFO: Run Behavior\BuildLiteBehavior [ RunTime:0.000019s ]
INFO: [ app_init ] --END-- [ RunTime:0.000800s ]
ERR: æ— æ³•åŠ è½½æ¨¡å—:Js

[ 2016-05-11T23:48:40+08:00 ] 127.0.0.1 /jiefang/js/kandtabs/01.png
INFO: [ app_init ] --START--
INFO: Run Behavior\BuildLiteBehavior [ RunTime:0.000021s ]
INFO: [ app_init ] --END-- [ RunTime:0.000717s ]
ERR: æ— æ³•åŠ è½½æ¨¡å—:Js

[ 2016-05-11T23:48:40+08:00 ] 127.0.0.1 /jiefang/js/kandtabs/resultset_next.png
INFO: [ app_init ] --START--
INFO: Run Behavior\BuildLiteBehavior [ RunTime:0.000026s ]
INFO: [ app_init ] --END-- [ RunTime:0.001144s ]
ERR: æ— æ³•åŠ è½½æ¨¡å—:Js

[ 2016-05-11T23:48:40+08:00 ] 127.0.0.1 /jiefang/Public/Admin/images/line.jpg
INFO: [ app_init ] --START--
INFO: Run Behavior\BuildLiteBehavior [ RunTime:0.000031s ]
INFO: [ app_init ] --END-- [ RunTime:0.000726s ]
ERR: æ— æ³•åŠ è½½æ¨¡å—:Public

[ 2016-05-11T23:48:40+08:00 ] 127.0.0.1 /jiefang/Public/Admin/images/weather_bg.png
INFO: [ app_init ] --START--
INFO: Run Behavior\BuildLiteBehavior [ RunTime:0.000019s ]
INFO: [ app_init ] --END-- [ RunTime:0.000733s ]
ERR: æ— æ³•åŠ è½½æ¨¡å—:Public

[ 2016-05-11T23:48:40+08:00 ] 127.0.0.1 /jiefang/Public/Admin/images/switch_tab1.png
INFO: [ app_init ] --START--
INFO: Run Behavior\BuildLiteBehavior [ RunTime:0.000020s ]
INFO: [ app_init ] --END-- [ RunTime:0.000738s ]
ERR: æ— æ³•åŠ è½½æ¨¡å—:Public

[ 2016-05-11T23:48:40+08:00 ] 127.0.0.1 /jiefang/Public/Admin/images/Switch_bg.png
INFO: [ app_init ] --START--
INFO: Run Behavior\BuildLiteBehavior [ RunTime:0.000018s ]
INFO: [ app_init ] --END-- [ RunTime:0.000641s ]
ERR: æ— æ³•åŠ è½½æ¨¡å—:Public

[ 2016-05-11T23:48:40+08:00 ] 127.0.0.1 /jiefang/Public/Admin/images/time_bg.png
INFO: [ app_init ] --START--
INFO: Run Behavior\BuildLiteBehavior [ RunTime:0.000041s ]
INFO: [ app_init ] --END-- [ RunTime:0.000717s ]
ERR: æ— æ³•åŠ è½½æ¨¡å—:Public

[ 2016-05-11T23:48:40+08:00 ] 127.0.0.1 /jiefang/Public/Admin/images/content_bg.png
INFO: [ app_init ] --START--
INFO: Run Behavior\BuildLiteBehavior [ RunTime:0.000021s ]
INFO: [ app_init ] --END-- [ RunTime:0.001757s ]
ERR: æ— æ³•åŠ è½½æ¨¡å—:Public

[ 2016-05-11T23:48:40+08:00 ] 127.0.0.1 /jiefang/Public/Admin/images/switch_tab2.png
INFO: [ app_init ] --START--
INFO: Run Behavior\BuildLiteBehavior [ RunTime:0.000021s ]
INFO: [ app_init ] --END-- [ RunTime:0.000706s ]
ERR: æ— æ³•åŠ è½½æ¨¡å—:Public

[ 2016-05-11T23:48:40+08:00 ] 127.0.0.1 /jiefang/Public/Admin/images/main_desktop.png
INFO: [ app_init ] --START--
INFO: Run Behavior\BuildLiteBehavior [ RunTime:0.000021s ]
INFO: [ app_init ] --END-- [ RunTime:0.000673s ]
ERR: æ— æ³•åŠ è½½æ¨¡å—:Public

[ 2016-05-11T23:48:47+08:00 ] 127.0.0.1 /jiefang/Public/Admin/images/city_bg.png
INFO: [ app_init ] --START--
INFO: Run Behavior\BuildLiteBehavior [ RunTime:0.000055s ]
INFO: [ app_init ] --END-- [ RunTime:0.001564s ]
ERR: æ— æ³•åŠ è½½æ¨¡å—:Public

[ 2016-05-11T23:50:47+08:00 ] 127.0.0.1 /jiefang/js/kandtabs/resultset_next.png
INFO: [ app_init ] --START--
INFO: Run Behavior\BuildLiteBehavior [ RunTime:0.000024s ]
INFO: [ app_init ] --END-- [ RunTime:0.000804s ]
ERR: æ— æ³•åŠ è½½æ¨¡å—:Js



[ 2016-05-11T23:50:47+08:00 ] 127.0.0.1 /jiefang/js/kandtabs/01.png
INFO: [ app_init ] --START--
INFO: Run Behavior\BuildLiteBehavior [ RunTime:0.000015s ]
INFO: [ app_init ] --END-- [ RunTime:0.000912s ]
ERR: æ— æ³•åŠ è½½æ¨¡å—:Js

[ 2016-05-11T23:50:47+08:00 ] 127.0.0.1 /jiefang/Public/Admin/images/main_desktop.png
INFO: [ app_init ] --START--
INFO: Run Behavior\BuildLiteBehavior [ RunTime:0.000021s ]
INFO: [ app_init ] --END-- [ RunTime:0.003682s ]
ERR: æ— æ³•åŠ è½½æ¨¡å—:Public

[ 2016-05-11T23:50:47+08:00 ] 127.0.0.1 /jiefang/Public/Admin/images/content_bg.png
INFO: [ app_init ] --START--
INFO: Run Behavior\BuildLiteBehavior [ RunTime:0.000020s ]
INFO: [ app_init ] --END-- [ RunTime:0.002708s ]
ERR: æ— æ³•åŠ è½½æ¨¡å—:Public

[ 2016-05-11T23:50:47+08:00 ] 127.0.0.1 /jiefang/Public/Admin/images/weather_bg.png
INFO: [ app_init ] --START--
INFO: Run Behavior\BuildLiteBehavior [ RunTime:0.000021s ]
INFO: [ app_init ] --END-- [ RunTime:0.000731s ]
ERR: æ— æ³•åŠ è½½æ¨¡å—:Public

[ 2016-05-11T23:50:47+08:00 ] 127.0.0.1 /jiefang/Public/Admin/images/switch_tab2.png
INFO: [ app_init ] --START--
INFO: Run Behavior\BuildLiteBehavior [ RunTime:0.000023s ]
INFO: [ app_init ] --END-- [ RunTime:0.000794s ]
ERR: æ— æ³•åŠ è½½æ¨¡å—:Public

[ 2016-05-11T23:50:47+08:00 ] 127.0.0.1 /jiefang/Public/Admin/images/line.jpg
INFO: [ app_init ] --START--
INFO: Run Behavior\BuildLiteBehavior [ RunTime:0.000024s ]
INFO: [ app_init ] --END-- [ RunTime:0.008743s ]
ERR: æ— æ³•åŠ è½½æ¨¡å—:Public

[ 2016-05-11T23:50:47+08:00 ] 127.0.0.1 /jiefang/Public/Admin/images/Switch_bg.png
INFO: [ app_init ] --START--
INFO: Run Behavior\BuildLiteBehavior [ RunTime:0.000021s ]
INFO: [ app_init ] --END-- [ RunTime:0.000905s ]
ERR: æ— æ³•åŠ è½½æ¨¡å—:Public

[ 2016-05-11T23:50:47+08:00 ] 127.0.0.1 /jiefang/Public/Admin/images/time_bg.png
INFO: [ app_init ] --START--
INFO: Run Behavior\BuildLiteBehavior [ RunTime:0.000022s ]
INFO: [ app_init ] --END-- [ RunTime:0.000759s ]
ERR: æ— æ³•åŠ è½½æ¨¡å—:Public

[ 2016-05-11T23:50:47+08:00 ] 127.0.0.1 /jiefang/Public/Admin/images/switch_tab1.png
INFO: [ app_init ] --START--
INFO: Run Behavior\BuildLiteBehavior [ RunTime:0.000065s ]
INFO: [ app_init ] --END-- [ RunTime:0.006987s ]
ERR: æ— æ³•åŠ è½½æ¨¡å—:Public

[ 2016-05-11T23:50:48+08:00 ] 127.0.0.1 /jiefang/js/kandtabs/resultset_previous.png
INFO: [ app_init ] --START--
INFO: Run Behavior\BuildLiteBehavior [ RunTime:0.000021s ]
INFO: [ app_init ] --END-- [ RunTime:0.000726s ]
ERR: æ— æ³•åŠ è½½æ¨¡å—:Js

[ 2016-05-11T23:50:48+08:00 ] 127.0.0.1 /jiefang/js/kandtabs/resultset_next.png
INFO: [ app_init ] --START--
INFO: Run Behavior\BuildLiteBehavior [ RunTime:0.000021s ]
INFO: [ app_init ] --END-- [ RunTime:0.000735s ]
ERR: æ— æ³•åŠ è½½æ¨¡å—:Js

[ 2016-05-11T23:50:48+08:00 ] 127.0.0.1 /jiefang/js/kandtabs/01.png
INFO: [ app_init ] --START--
INFO: Run Behavior\BuildLiteBehavior [ RunTime:0.000021s ]
INFO: [ app_init ] --END-- [ RunTime:0.000653s ]
ERR: æ— æ³•åŠ è½½æ¨¡å—:Js

[ 2016-05-11T23:50:48+08:00 ] 127.0.0.1 /jiefang/Public/Admin/images/line.jpg
INFO: [ app_init ] --START--
INFO: Run Behavior\BuildLiteBehavior [ RunTime:0.000020s ]
INFO: [ app_init ] --END-- [ RunTime:0.000637s ]
ERR: æ— æ³•åŠ è½½æ¨¡å—:Public

[ 2016-05-11T23:50:48+08:00 ] 127.0.0.1 /jiefang/Public/Admin/images/Switch_bg.png
INFO: [ app_init ] --START--
INFO: Run Behavior\BuildLiteBehavior [ RunTime:0.000021s ]
INFO: [ app_init ] --END-- [ RunTime:0.000672s ]
ERR: æ— æ³•åŠ è½½æ¨¡å—:Public

[ 2016-05-11T23:50:48+08:00 ] 127.0.0.1 /jiefang/Public/Admin/images/main_desktop.png
INFO: [ app_init ] --START--
INFO: Run Behavior\BuildLiteBehavior [ RunTime:0.000030s ]
INFO: [ app_init ] --END-- [ RunTime:0.000894s ]
ERR: æ— æ³•åŠ è½½æ¨¡å—:Public

[ 2016-05-11T23:50:48+08:00 ] 127.0.0.1 /jiefang/Public/Admin/images/switch_tab1.png
INFO: [ app_init ] --START--
INFO: Run Behavior\BuildLiteBehavior [ RunTime:0.000019s ]
INFO: [ app_init ] --END-- [ RunTime:0.000652s ]
ERR: æ— æ³•åŠ è½½æ¨¡å—:Public

[ 2016-05-11T23:50:48+08:00 ] 127.0.0.1 /jiefang/Public/Admin/images/switch_tab2.png
INFO: [ app_init ] --START--
INFO: Run Behavior\BuildLiteBehavior [ RunTime:0.000020s ]
INFO: [ app_init ] --END-- [ RunTime:0.000695s ]
ERR: æ— æ³•åŠ è½½æ¨¡å—:Public

[ 2016-05-11T23:50:48+08:00 ] 127.0.0.1 /jiefang/Public/Admin/images/content_bg.png
INFO: [ app_init ] --START--
INFO: Run Behavior\BuildLiteBehavior [ RunTime:0.000022s ]
INFO: [ app_init ] --END-- [ RunTime:0.000680s ]
ERR: æ— æ³•åŠ è½½æ¨¡å—:Public

[ 2016-05-11T23:50:48+08:00 ] 127.0.0.1 /jiefang/Public/Admin/images/time_bg.png
INFO: [ app_init ] --START--
INFO: Run Behavior\BuildLiteBehavior [ RunTime:0.000023s ]
INFO: [ app_init ] --END-- [ RunTime:0.000719s ]
ERR: æ— æ³•åŠ è½½æ¨¡å—:Public

[ 2016-05-11T23:52:33+08:00 ] 127.0.0.1 /jiefang/js/kandtabs/resultset_next.png
INFO: [ app_init ] --START--
INFO: Run Behavior\BuildLiteBehavior [ RunTime:0.000021s ]
INFO: [ app_init ] --END-- [ RunTime:0.000656s ]
ERR: æ— æ³•åŠ è½½æ¨¡å—:Js

[ 2016-05-11T23:52:33+08:00 ] 127.0.0.1 /jiefang/js/kandtabs/resultset_previous.png
INFO: [ app_init ] --START--
INFO: Run Behavior\BuildLiteBehavior [ RunTime:0.000018s ]
INFO: [ app_init ] --END-- [ RunTime:0.000622s ]
ERR: æ— æ³•åŠ è½½æ¨¡å—:Js

[ 2016-05-11T23:52:33+08:00 ] 127.0.0.1 /jiefang/js/kandtabs/01.png
INFO: [ app_init ] --START--
INFO: Run Behavior\BuildLiteBehavior [ RunTime:0.000021s ]
INFO: [ app_init ] --END-- [ RunTime:0.000678s ]
ERR: æ— æ³•åŠ è½½æ¨¡å—:Js

[ 2016-05-11T23:53:08+08:00 ] 127.0.0.1 /jiefang/js/kandtabs/01.png
INFO: [ app_init ] --START--
INFO: Run Behavior\BuildLiteBehavior [ RunTime:0.000028s ]
INFO: [ app_init ] --END-- [ RunTime:0.001005s ]
ERR: æ— æ³•åŠ è½½æ¨¡å—:Js

[ 2016-05-11T23:53:08+08:00 ] 127.0.0.1 /jiefang/list.html?h:519
INFO: [ app_init ] --START--
INFO: Run Behavior\BuildLiteBehavior [ RunTime:0.000023s ]
INFO: [ app_init ] --END-- [ RunTime:0.000872s ]
ERR: æ— æ³•åŠ è½½æ¨¡å—:List

[ 2016-05-11T23:53:11+08:00 ] 127.0.0.1 /jiefang/js/kandtabs/00.png
INFO: [ app_init ] --START--
INFO: Run Behavior\BuildLiteBehavior [ RunTime:0.000018s ]
INFO: [ app_init ] --END-- [ RunTime:0.000574s ]
ERR: æ— æ³•åŠ è½½æ¨¡å—:Js

